<?xml version="1.0" encoding="UTF-8"?>
<!-- Generated by org.testng.reporters.JUnitXMLReporter -->
<testsuite ignored="0" hostname="sa" failures="2" tests="6" name="jbkTest" time="22.431" errors="0" timestamp="2021-06-10T23:33:11 IST">
  <testcase classname="com.Listeners.DemoTest" name="Test01" time="10.92"/>
  <testcase classname="com.Listeners.DemoTest" name="Test02" time="0.009">
    <failure type="java.lang.AssertionError" message="expected [false] but found [true]">
      <![CDATA[java.lang.AssertionError: expected [false] but found [true]
at com.Listeners.DemoTest.Test02(DemoTest.java:47)
at java.base/java.util.ArrayList.forEach(ArrayList.java:1541)
... Removed 33 stack frames]]>
    </failure>
  </testcase> <!-- Test02 -->
  <testcase classname="com.Listeners.DemoTest" name="Test03" time="0.006">
    <skipped/>
  </testcase> <!-- Test03 -->
  <testcase classname="com.Listeners.DemoTest1" name="demoTest01" time="10.845"/>
  <testcase classname="com.Listeners.DemoTest1" name="demoTest02" time="0.005">
    <failure type="java.lang.AssertionError" message="expected [false] but found [true]">
      <![CDATA[java.lang.AssertionError: expected [false] but found [true]
at com.Listeners.DemoTest1.demoTest02(DemoTest1.java:32)
at java.base/java.util.ArrayList.forEach(ArrayList.java:1541)
... Removed 33 stack frames]]>
    </failure>
  </testcase> <!-- demoTest02 -->
  <testcase classname="com.Listeners.DemoTest1" name="demoTest03" time="0.003">
    <skipped/>
  </testcase> <!-- demoTest03 -->
</testsuite> <!-- jbkTest -->
