<?xml version="1.0" encoding="UTF-8"?>
<!-- Generated by org.testng.reporters.JUnitXMLReporter -->
<testsuite ignored="0" hostname="sa" failures="1" tests="3" name="Test" time="0.08" errors="0" timestamp="2021-06-08T23:44:35 IST">
  <testcase classname="com.Listeners.DemoTest" name="Test01" time="0.013"/>
  <testcase classname="com.Listeners.DemoTest" name="Test02" time="0.004">
    <failure type="java.lang.AssertionError" message="expected [false] but found [true]">
      <![CDATA[java.lang.AssertionError: expected [false] but found [true]
at com.Listeners.DemoTest.Test02(DemoTest.java:41)
at java.base/java.util.ArrayList.forEach(ArrayList.java:1541)
... Removed 33 stack frames]]>
    </failure>
  </testcase> <!-- Test02 -->
  <testcase classname="com.Listeners.DemoTest" name="Test03" time="0.005">
    <skipped/>
  </testcase> <!-- Test03 -->
</testsuite> <!-- Test -->
